Using pre-set license
Built from '2020.2/release' branch; Version is '2020.2.4f1 (becced5a802b) revision 12504301'; Using compiler version '192528614'; Build Type 'Release'
OS: 'Windows 10 Home; OS build 19044.1706; Version 2009; 64bit' Language: 'es' Physical Memory: 16217 MB
BatchMode: 1, IsHumanControllingUs: 0, StartBugReporterOnCrash: 0, Is64bit: 1, IsPro: 0

 COMMAND LINE ARGUMENTS:
C:\Program Files\Unity\Hub\Editor\2020.2.4f1\Editor\Unity.exe
-adb2
-batchMode
-noUpm
-name
AssetImportWorker0
-projectPath
C:/Users/roger/Documents/3r/T3/sistemes interactius/project/git/factory-mania
-logFile
Logs/AssetImportWorker0.log
-srvPort
58563
Successfully changed project path to: C:/Users/roger/Documents/3r/T3/sistemes interactius/project/git/factory-mania
C:/Users/roger/Documents/3r/T3/sistemes interactius/project/git/factory-mania
Using Asset Import Pipeline V2.
Refreshing native plugins compatible for Editor in 93.03 ms, found 0 plugins.
Preloading 0 native plugins for Editor in 0.00 ms.
Initialize engine version: 2020.2.4f1 (becced5a802b)
[Subsystems] Discovering subsystems at path C:/Program Files/Unity/Hub/Editor/2020.2.4f1/Editor/Data/Resources/UnitySubsystems
[Subsystems] Discovering subsystems at path C:/Users/roger/Documents/3r/T3/sistemes interactius/project/git/factory-mania/Assets
GfxDevice: creating device client; threaded=0
Direct3D:
    Version:  Direct3D 11.0 [level 11.1]
    Renderer: Intel(R) UHD Graphics 620 (ID=0x5917)
    Vendor:   
    VRAM:     8108 MB
    Driver:   24.20.100.6346
Initialize mono
Mono path[0] = 'C:/Program Files/Unity/Hub/Editor/2020.2.4f1/Editor/Data/Managed'
Mono path[1] = 'C:/Program Files/Unity/Hub/Editor/2020.2.4f1/Editor/Data/MonoBleedingEdge/lib/mono/unityjit'
Mono config path = 'C:/Program Files/Unity/Hub/Editor/2020.2.4f1/Editor/Data/MonoBleedingEdge/etc'
Using monoOptions --debugger-agent=transport=dt_socket,embedding=1,server=y,suspend=n,address=127.0.0.1:56616
Begin MonoManager ReloadAssembly
Registering precompiled unity dll's ...
Register platform support module: C:/Program Files/Unity/Hub/Editor/2020.2.4f1/Editor/Data/PlaybackEngines/WindowsStandaloneSupport/UnityEditor.WindowsStandalone.Extensions.dll
Registered in 0.004038 seconds.
Native extension for WindowsStandalone target not found
Refreshing native plugins compatible for Editor in 74.44 ms, found 0 plugins.
Preloading 0 native plugins for Editor in 0.00 ms.
Invoked RoslynAnalysisRunner static constructor.
RoslynAnalysisRunner will not be running.
RoslynAnalysisRunner has terminated.
Mono: successfully reloaded assembly
- Completed reload, in  4.446 seconds
Platform modules already initialized, skipping
Registering precompiled user dll's ...
Registered in 0.003804 seconds.
Begin MonoManager ReloadAssembly
Native extension for WindowsStandalone target not found
Refreshing native plugins compatible for Editor in 0.76 ms, found 0 plugins.
Preloading 0 native plugins for Editor in 0.00 ms.
Invoked RoslynAnalysisRunner static constructor.
RoslynAnalysisRunner will not be running.
RoslynAnalysisRunner has terminated.
Mono: successfully reloaded assembly
- Completed reload, in  1.691 seconds
Platform modules already initialized, skipping
========================================================================
Worker process is ready to serve import requests
Launched and connected shader compiler UnityShaderCompiler.exe after 0.09 seconds
Refreshing native plugins compatible for Editor in 0.82 ms, found 0 plugins.
Preloading 0 native plugins for Editor in 0.00 ms.
Unloading 1770 Unused Serialized files (Serialized files now loaded: 0)
System memory in use before: 153.1 MB.
System memory in use after: 153.1 MB.

Unloading 33 unused Assets to reduce memory usage. Loaded Objects now: 2207.
Total: 3.077000 ms (FindLiveObjects: 0.335400 ms CreateObjectMapping: 0.109300 ms MarkObjects: 2.500400 ms  DeleteObjects: 0.130200 ms)

========================================================================
Received Import Request.
  path: Assets/prefabs/machines/conveyor.prefab
  artifactKey: Guid(b0fccfcf13055bb4b958596eefe31aad) Importer(815301076,1909f56bfc062723c751e8b465ee728b)
Start importing Assets/prefabs/machines/conveyor.prefab using Guid(b0fccfcf13055bb4b958596eefe31aad) Importer(815301076,1909f56bfc062723c751e8b465ee728b)  -> (artifact id: '6ef9b1513c4a72b6c8cade4e35a2c065') in 0.195877 seconds
  Import took 0.200696 seconds .

========================================================================
Received Import Request.
  Time since last request: 0.001152 seconds.
  path: Assets/prefabs/machines/transformer.prefab
  artifactKey: Guid(24d54663f8e74bd4984c4889bff70455) Importer(815301076,1909f56bfc062723c751e8b465ee728b)
Start importing Assets/prefabs/machines/transformer.prefab using Guid(24d54663f8e74bd4984c4889bff70455) Importer(815301076,1909f56bfc062723c751e8b465ee728b)  -> (artifact id: '2a19aabc7db3e0650a4f8f14485453fa') in 0.058080 seconds
  Import took 0.063219 seconds .

========================================================================
Received Import Request.
  Time since last request: 0.000686 seconds.
  path: Assets/Scenes/game elements.unity
  artifactKey: Guid(1e8d9e8752dda8241911227883c1ae60) Importer(815301076,1909f56bfc062723c751e8b465ee728b)
Start importing Assets/Scenes/game elements.unity using Guid(1e8d9e8752dda8241911227883c1ae60) Importer(815301076,1909f56bfc062723c751e8b465ee728b)  -> (artifact id: '241adbe88df2aac37bf0a012d3726bb0') in 0.005694 seconds
  Import took 0.009885 seconds .

========================================================================
Received Import Request.
  Time since last request: 0.000510 seconds.
  path: Assets/prefabs/machines/box.prefab
  artifactKey: Guid(90a0b34779fad034e965e74bd09b5480) Importer(815301076,1909f56bfc062723c751e8b465ee728b)
Start importing Assets/prefabs/machines/box.prefab using Guid(90a0b34779fad034e965e74bd09b5480) Importer(815301076,1909f56bfc062723c751e8b465ee728b)  -> (artifact id: '58ee9f8c2d5fb0d5aec9cdf855012d2c') in 0.022332 seconds
  Import took 0.030075 seconds .

========================================================================
Received Import Request.
  Time since last request: 0.000590 seconds.
  path: Assets/prefabs/machines/plObj.prefab
  artifactKey: Guid(173aefd5ddb79a443889812caf4d181e) Importer(815301076,1909f56bfc062723c751e8b465ee728b)
Start importing Assets/prefabs/machines/plObj.prefab using Guid(173aefd5ddb79a443889812caf4d181e) Importer(815301076,1909f56bfc062723c751e8b465ee728b)  -> (artifact id: '7dbf6a9e82d058810a1cf2433b325d48') in 0.033798 seconds
  Import took 0.040843 seconds .

========================================================================
Received Import Request.
  Time since last request: 0.000454 seconds.
  path: Assets/prefabs/machines/combiner.prefab
  artifactKey: Guid(afe4bb588d1c2ba4a9ef1978cd6771d2) Importer(815301076,1909f56bfc062723c751e8b465ee728b)
Start importing Assets/prefabs/machines/combiner.prefab using Guid(afe4bb588d1c2ba4a9ef1978cd6771d2) Importer(815301076,1909f56bfc062723c751e8b465ee728b)  -> (artifact id: '305f9743b7d9ef2c54466184e0817bce') in 0.041924 seconds
  Import took 0.048462 seconds .

========================================================================
Received Import Request.
  Time since last request: 467.887263 seconds.
  path: Assets/Materials/converter/blackout.mat
  artifactKey: Guid(97640ababcea9d8429b0f1733c54ff9a) Importer(815301076,1909f56bfc062723c751e8b465ee728b)
Start importing Assets/Materials/converter/blackout.mat using Guid(97640ababcea9d8429b0f1733c54ff9a) Importer(815301076,1909f56bfc062723c751e8b465ee728b)  -> (artifact id: '1a7591dc61d8233d3ef5e0457d10a0ee') in 0.313577 seconds
  Import took 0.319006 seconds .

========================================================================
Received Import Request.
  Time since last request: 0.000395 seconds.
  path: Assets/Materials/robot/New Material.mat
  artifactKey: Guid(c6f9e53359b3fc046b11f1d726489a50) Importer(815301076,1909f56bfc062723c751e8b465ee728b)
Start importing Assets/Materials/robot/New Material.mat using Guid(c6f9e53359b3fc046b11f1d726489a50) Importer(815301076,1909f56bfc062723c751e8b465ee728b)  -> (artifact id: '692a1dc973e27c7d4fc004305872e7c0') in 0.018638 seconds
  Import took 0.026027 seconds .

========================================================================
Received Import Request.
  Time since last request: 0.000631 seconds.
  path: Assets/Materials/New Material 1.mat
  artifactKey: Guid(0783504a591772249a3254e8680d18d1) Importer(815301076,1909f56bfc062723c751e8b465ee728b)
Start importing Assets/Materials/New Material 1.mat using Guid(0783504a591772249a3254e8680d18d1) Importer(815301076,1909f56bfc062723c751e8b465ee728b)  -> (artifact id: 'd7b77891018bae2f1048cf74b383955e') in 0.044731 seconds
  Import took 0.051430 seconds .

========================================================================
Received Import Request.
  Time since last request: 0.000424 seconds.
  path: Assets/Materials/converter/New Material.mat
  artifactKey: Guid(b850a6c0eca36a54893b814351b3ca1e) Importer(815301076,1909f56bfc062723c751e8b465ee728b)
Start importing Assets/Materials/converter/New Material.mat using Guid(b850a6c0eca36a54893b814351b3ca1e) Importer(815301076,1909f56bfc062723c751e8b465ee728b)  -> (artifact id: 'a3656a1776f79e77b312e646b30cf0d4') in 0.023904 seconds
  Import took 0.030348 seconds .

========================================================================
Received Import Request.
  Time since last request: 27.867049 seconds.
  path: Assets/Materials/New Material 2.mat
  artifactKey: Guid(456f2a05bfd07994798eccf1789e4014) Importer(815301076,1909f56bfc062723c751e8b465ee728b)
Start importing Assets/Materials/New Material 2.mat using Guid(456f2a05bfd07994798eccf1789e4014) Importer(815301076,1909f56bfc062723c751e8b465ee728b)  -> (artifact id: '531a4b8e7ba969d8026f19fef67ab23a') in 0.029231 seconds
  Import took 0.036277 seconds .

========================================================================
Received Prepare
Registering precompiled user dll's ...
Registered in 0.013638 seconds.
Begin MonoManager ReloadAssembly
Native extension for WindowsStandalone target not found
Refreshing native plugins compatible for Editor in 0.63 ms, found 0 plugins.
Preloading 0 native plugins for Editor in 0.00 ms.
Invoked RoslynAnalysisRunner static constructor.
RoslynAnalysisRunner will not be running.
RoslynAnalysisRunner has terminated.
Mono: successfully reloaded assembly
- Completed reload, in  1.525 seconds
Platform modules already initialized, skipping
Refreshing native plugins compatible for Editor in 0.57 ms, found 0 plugins.
Preloading 0 native plugins for Editor in 0.00 ms.
Unloading 1742 Unused Serialized files (Serialized files now loaded: 0)
System memory in use before: 154.6 MB.
System memory in use after: 154.7 MB.

Unloading 25 unused Assets to reduce memory usage. Loaded Objects now: 2250.
Total: 3.050000 ms (FindLiveObjects: 0.257700 ms CreateObjectMapping: 0.095900 ms MarkObjects: 2.591100 ms  DeleteObjects: 0.103400 ms)

========================================================================
Received Prepare
Registering precompiled user dll's ...
Registered in 0.003749 seconds.
Begin MonoManager ReloadAssembly
Native extension for WindowsStandalone target not found
Refreshing native plugins compatible for Editor in 0.46 ms, found 0 plugins.
Preloading 0 native plugins for Editor in 0.00 ms.
Invoked RoslynAnalysisRunner static constructor.
RoslynAnalysisRunner will not be running.
RoslynAnalysisRunner has terminated.
Mono: successfully reloaded assembly
- Completed reload, in  0.992 seconds
Platform modules already initialized, skipping
Refreshing native plugins compatible for Editor in 0.46 ms, found 0 plugins.
Preloading 0 native plugins for Editor in 0.00 ms.
Unloading 1742 Unused Serialized files (Serialized files now loaded: 0)
System memory in use before: 154.7 MB.
System memory in use after: 154.7 MB.

Unloading 25 unused Assets to reduce memory usage. Loaded Objects now: 2252.
Total: 2.643000 ms (FindLiveObjects: 0.432700 ms CreateObjectMapping: 0.096900 ms MarkObjects: 1.982100 ms  DeleteObjects: 0.127900 ms)

========================================================================
Received Prepare
Registering precompiled user dll's ...
Registered in 0.003755 seconds.
Begin MonoManager ReloadAssembly
Native extension for WindowsStandalone target not found
Refreshing native plugins compatible for Editor in 0.52 ms, found 0 plugins.
Preloading 0 native plugins for Editor in 0.00 ms.
Invoked RoslynAnalysisRunner static constructor.
RoslynAnalysisRunner will not be running.
RoslynAnalysisRunner has terminated.
Mono: successfully reloaded assembly
- Completed reload, in  0.993 seconds
Platform modules already initialized, skipping
Refreshing native plugins compatible for Editor in 0.47 ms, found 0 plugins.
Preloading 0 native plugins for Editor in 0.00 ms.
Unloading 1742 Unused Serialized files (Serialized files now loaded: 0)
System memory in use before: 154.7 MB.
System memory in use after: 154.8 MB.

Unloading 25 unused Assets to reduce memory usage. Loaded Objects now: 2254.
Total: 3.249600 ms (FindLiveObjects: 0.392300 ms CreateObjectMapping: 0.144100 ms MarkObjects: 2.593400 ms  DeleteObjects: 0.118500 ms)

========================================================================
Received Prepare
Registering precompiled user dll's ...
Registered in 0.003337 seconds.
Begin MonoManager ReloadAssembly
Native extension for WindowsStandalone target not found
Refreshing native plugins compatible for Editor in 0.87 ms, found 0 plugins.
Preloading 0 native plugins for Editor in 0.00 ms.
Invoked RoslynAnalysisRunner static constructor.
RoslynAnalysisRunner will not be running.
RoslynAnalysisRunner has terminated.
Mono: successfully reloaded assembly
- Completed reload, in  0.986 seconds
Platform modules already initialized, skipping
Refreshing native plugins compatible for Editor in 0.72 ms, found 0 plugins.
Preloading 0 native plugins for Editor in 0.00 ms.
Unloading 1742 Unused Serialized files (Serialized files now loaded: 0)
System memory in use before: 154.7 MB.
System memory in use after: 154.8 MB.

Unloading 25 unused Assets to reduce memory usage. Loaded Objects now: 2256.
Total: 2.244100 ms (FindLiveObjects: 0.204200 ms CreateObjectMapping: 0.080700 ms MarkObjects: 1.870000 ms  DeleteObjects: 0.087600 ms)

========================================================================
Received Import Request.
  Time since last request: 1732.502220 seconds.
  path: Assets/scripts/Machines/conveyor/ItemDirectory.cs
  artifactKey: Guid(ad17a129e5126614cb4b4a5589ceef0d) Importer(815301076,1909f56bfc062723c751e8b465ee728b)
Start importing Assets/scripts/Machines/conveyor/ItemDirectory.cs using Guid(ad17a129e5126614cb4b4a5589ceef0d) Importer(815301076,1909f56bfc062723c751e8b465ee728b)  -> (artifact id: '7403d33bf2db79eecb374b16a8d94b2b') in 0.020891 seconds
  Import took 0.026057 seconds .

========================================================================
Received Import Request.
  Time since last request: 0.007815 seconds.
  path: Assets/scripts/Machines/conveyor/ItemDirectory.cs
  artifactKey: Guid(ad17a129e5126614cb4b4a5589ceef0d) Importer(815301076,1909f56bfc062723c751e8b465ee728b)
Start importing Assets/scripts/Machines/conveyor/ItemDirectory.cs using Guid(ad17a129e5126614cb4b4a5589ceef0d) Importer(815301076,1909f56bfc062723c751e8b465ee728b)  -> (artifact id: '7403d33bf2db79eecb374b16a8d94b2b') in 0.003657 seconds
  Import took 0.008670 seconds .

========================================================================
Received Import Request.
  Time since last request: 2.435873 seconds.
  path: Assets/scripts/Machines/conveyor/transformer.cs
  artifactKey: Guid(27b398b1407c9cb4eb393b766c1fabb0) Importer(815301076,1909f56bfc062723c751e8b465ee728b)
Start importing Assets/scripts/Machines/conveyor/transformer.cs using Guid(27b398b1407c9cb4eb393b766c1fabb0) Importer(815301076,1909f56bfc062723c751e8b465ee728b)  -> (artifact id: '894fdb98d02fd005b4c5bb78a3ef6f31') in 0.002332 seconds
  Import took 0.015445 seconds .

========================================================================
Received Import Request.
  Time since last request: 1.602456 seconds.
  path: Assets/scripts/Machines/conveyor/Recepie.cs
  artifactKey: Guid(9106f84dfb990ed40ae94b389a96bb6c) Importer(815301076,1909f56bfc062723c751e8b465ee728b)
Start importing Assets/scripts/Machines/conveyor/Recepie.cs using Guid(9106f84dfb990ed40ae94b389a96bb6c) Importer(815301076,1909f56bfc062723c751e8b465ee728b)  -> (artifact id: '8099e792fd10cd5182ae8ba2098b46f5') in 0.002851 seconds
  Import took 0.015428 seconds .

========================================================================
Received Import Request.
  Time since last request: 2.640722 seconds.
  path: Assets/scripts/Machines/conveyor/playerController.cs
  artifactKey: Guid(f78321464b79b1f488202c7a2d2b666a) Importer(815301076,1909f56bfc062723c751e8b465ee728b)
Start importing Assets/scripts/Machines/conveyor/playerController.cs using Guid(f78321464b79b1f488202c7a2d2b666a) Importer(815301076,1909f56bfc062723c751e8b465ee728b)  -> (artifact id: 'c70781ae3c79282d3fcd07d9ac69a0b9') in 0.013489 seconds
  Import took 0.018458 seconds .

========================================================================
Received Import Request.
  Time since last request: 3.137467 seconds.
  path: Assets/scripts/Machines/conveyor/box.cs
  artifactKey: Guid(64b1e5b1c4c7cf040818a17d2fb82f01) Importer(815301076,1909f56bfc062723c751e8b465ee728b)
Start importing Assets/scripts/Machines/conveyor/box.cs using Guid(64b1e5b1c4c7cf040818a17d2fb82f01) Importer(815301076,1909f56bfc062723c751e8b465ee728b)  -> (artifact id: '9d5fec235011e8ec81784a89dd6ebc57') in 0.002650 seconds
  Import took 0.016137 seconds .

========================================================================
Received Import Request.
  Time since last request: 3.186787 seconds.
  path: Assets/scripts/Machines/conveyor/conveyor.cs
  artifactKey: Guid(f3effbb075664804fab70264f2239f4b) Importer(815301076,1909f56bfc062723c751e8b465ee728b)
Start importing Assets/scripts/Machines/conveyor/conveyor.cs using Guid(f3effbb075664804fab70264f2239f4b) Importer(815301076,1909f56bfc062723c751e8b465ee728b)  -> (artifact id: 'b47bf1ca9bc12301512aca37299d1c02') in 0.003007 seconds
  Import took 0.015923 seconds .

========================================================================
Received Import Request.
  Time since last request: 24.502986 seconds.
  path: Assets/scripts/DeepTracking.cs
  artifactKey: Guid(c2c52623b8500da4db5c8bb8dd37a028) Importer(815301076,1909f56bfc062723c751e8b465ee728b)
Start importing Assets/scripts/DeepTracking.cs using Guid(c2c52623b8500da4db5c8bb8dd37a028) Importer(815301076,1909f56bfc062723c751e8b465ee728b)  -> (artifact id: '9a4f611ba5fc9444b7b51f5172cf1ad0') in 0.003121 seconds
  Import took 0.007935 seconds .

========================================================================
Received Prepare
Registering precompiled user dll's ...
Registered in 0.002607 seconds.
Begin MonoManager ReloadAssembly
Native extension for WindowsStandalone target not found
Refreshing native plugins compatible for Editor in 0.45 ms, found 0 plugins.
Preloading 0 native plugins for Editor in 0.00 ms.
Invoked RoslynAnalysisRunner static constructor.
RoslynAnalysisRunner will not be running.
RoslynAnalysisRunner has terminated.
Mono: successfully reloaded assembly
- Completed reload, in  0.982 seconds
Platform modules already initialized, skipping
Refreshing native plugins compatible for Editor in 0.50 ms, found 0 plugins.
Preloading 0 native plugins for Editor in 0.00 ms.
Unloading 1742 Unused Serialized files (Serialized files now loaded: 0)
System memory in use before: 154.7 MB.
System memory in use after: 154.8 MB.

Unloading 25 unused Assets to reduce memory usage. Loaded Objects now: 2258.
Total: 2.968100 ms (FindLiveObjects: 0.290700 ms CreateObjectMapping: 0.120900 ms MarkObjects: 2.405500 ms  DeleteObjects: 0.149200 ms)

========================================================================
Received Prepare
Registering precompiled user dll's ...
Registered in 0.007227 seconds.
Begin MonoManager ReloadAssembly
Native extension for WindowsStandalone target not found
Refreshing native plugins compatible for Editor in 2.47 ms, found 0 plugins.
Preloading 0 native plugins for Editor in 0.00 ms.
Invoked RoslynAnalysisRunner static constructor.
RoslynAnalysisRunner will not be running.
RoslynAnalysisRunner has terminated.
Mono: successfully reloaded assembly
- Completed reload, in  3.252 seconds
Platform modules already initialized, skipping
Refreshing native plugins compatible for Editor in 1.48 ms, found 0 plugins.
Preloading 0 native plugins for Editor in 0.00 ms.
Unloading 1742 Unused Serialized files (Serialized files now loaded: 0)
System memory in use before: 154.7 MB.
System memory in use after: 154.8 MB.

Unloading 25 unused Assets to reduce memory usage. Loaded Objects now: 2260.
Total: 7.113200 ms (FindLiveObjects: 0.782100 ms CreateObjectMapping: 0.256000 ms MarkObjects: 5.784900 ms  DeleteObjects: 0.282600 ms)

========================================================================
Received Import Request.
  Time since last request: 641.593712 seconds.
  path: Assets/Images/ui
  artifactKey: Guid(352d0a152b1abde45b7995eaa3b85232) Importer(815301076,1909f56bfc062723c751e8b465ee728b)
Start importing Assets/Images/ui using Guid(352d0a152b1abde45b7995eaa3b85232) Importer(815301076,1909f56bfc062723c751e8b465ee728b)  -> (artifact id: 'c4f285dec7a00f08485dd7b40d18af5a') in 0.010676 seconds
  Import took 0.018162 seconds .

========================================================================
Received Import Request.
  Time since last request: 0.116071 seconds.
  path: Assets/Images/ui/radialProgressBarExt.png
  artifactKey: Guid(c7c48b3bf065d874d81f5a186a360af9) Importer(815301076,1909f56bfc062723c751e8b465ee728b)
Start importing Assets/Images/ui/radialProgressBarExt.png using Guid(c7c48b3bf065d874d81f5a186a360af9) Importer(815301076,1909f56bfc062723c751e8b465ee728b)  -> (artifact id: '5273779fb46e14fcc511cb284e0d6cd5') in 0.052811 seconds
  Import took 0.056263 seconds .

========================================================================
Received Import Request.
  Time since last request: 0.000344 seconds.
  path: Assets/Images/ui/radialProgressBarInt.png
  artifactKey: Guid(0b4a0626f3250d047a76a50466eedde1) Importer(815301076,1909f56bfc062723c751e8b465ee728b)
Start importing Assets/Images/ui/radialProgressBarInt.png using Guid(0b4a0626f3250d047a76a50466eedde1) Importer(815301076,1909f56bfc062723c751e8b465ee728b)  -> (artifact id: 'c3270888d791e453645c7f37c0778d3c') in 0.008645 seconds
  Import took 0.012047 seconds .

========================================================================
Received Import Request.
  Time since last request: 6.604629 seconds.
  path: Assets/Images/ui/radialProgressBarExt.png
  artifactKey: Guid(c7c48b3bf065d874d81f5a186a360af9) Importer(815301076,1909f56bfc062723c751e8b465ee728b)
Start importing Assets/Images/ui/radialProgressBarExt.png using Guid(c7c48b3bf065d874d81f5a186a360af9) Importer(815301076,1909f56bfc062723c751e8b465ee728b)  -> (artifact id: '39141a7f8de8a3929d078e2476c5ddcb') in 0.083142 seconds
  Import took 0.088337 seconds .

========================================================================
Received Import Request.
  Time since last request: 6.109494 seconds.
  path: Assets/Images/ui/radialProgressBarInt.png
  artifactKey: Guid(0b4a0626f3250d047a76a50466eedde1) Importer(815301076,1909f56bfc062723c751e8b465ee728b)
Start importing Assets/Images/ui/radialProgressBarInt.png using Guid(0b4a0626f3250d047a76a50466eedde1) Importer(815301076,1909f56bfc062723c751e8b465ee728b)  -> (artifact id: '5a095ba02dfc811ba367accece8f74ab') in 0.017405 seconds
  Import took 0.022197 seconds .

========================================================================
Received Import Request.
  Time since last request: 0.018769 seconds.
  path: Assets/Images/ui/radialProgressBarInt.png
  artifactKey: Guid(0b4a0626f3250d047a76a50466eedde1) Importer(815301076,1909f56bfc062723c751e8b465ee728b)
Start importing Assets/Images/ui/radialProgressBarInt.png using Guid(0b4a0626f3250d047a76a50466eedde1) Importer(815301076,1909f56bfc062723c751e8b465ee728b)  -> (artifact id: '5a095ba02dfc811ba367accece8f74ab') in 0.078276 seconds
  Import took 0.082676 seconds .

========================================================================
Received Import Request.
  Time since last request: 272.671569 seconds.
  path: Assets/Images/machines/player/belt.jpg
  artifactKey: Guid(150895b0a6462104e910ccc5806eb039) Importer(815301076,1909f56bfc062723c751e8b465ee728b)
Start importing Assets/Images/machines/player/belt.jpg using Guid(150895b0a6462104e910ccc5806eb039) Importer(815301076,1909f56bfc062723c751e8b465ee728b)  -> (artifact id: '6df0c0903e5208c873a39da09fc3f408') in 0.014598 seconds
  Import took 0.019009 seconds .

========================================================================
Received Import Request.
  Time since last request: 0.000350 seconds.
  path: Assets/Images/machines/player/belttransp.png
  artifactKey: Guid(a06dc8b23740f3041b45fe5237bb4859) Importer(815301076,1909f56bfc062723c751e8b465ee728b)
Start importing Assets/Images/machines/player/belttransp.png using Guid(a06dc8b23740f3041b45fe5237bb4859) Importer(815301076,1909f56bfc062723c751e8b465ee728b)  -> (artifact id: '2a9340467e6000d8525d10b52bb363d3') in 0.013856 seconds
  Import took 0.018378 seconds .

========================================================================
Received Import Request.
  Time since last request: 222.926077 seconds.
  path: Assets/scripts/Machines/conveyor/MachineConfig.cs
  artifactKey: Guid(6765fe37b2a8f2043a422eb08829d327) Importer(815301076,1909f56bfc062723c751e8b465ee728b)
Start importing Assets/scripts/Machines/conveyor/MachineConfig.cs using Guid(6765fe37b2a8f2043a422eb08829d327) Importer(815301076,1909f56bfc062723c751e8b465ee728b)  -> (artifact id: '3bd598a34f6131895b479ae83954c315') in 0.002988 seconds
  Import took 0.017264 seconds .

========================================================================
Received Import Request.
  Time since last request: 94.586458 seconds.
  path: Assets/scripts/Machines/conveyor/playerController.cs
  artifactKey: Guid(f78321464b79b1f488202c7a2d2b666a) Importer(815301076,1909f56bfc062723c751e8b465ee728b)
Start importing Assets/scripts/Machines/conveyor/playerController.cs using Guid(f78321464b79b1f488202c7a2d2b666a) Importer(815301076,1909f56bfc062723c751e8b465ee728b)  -> (artifact id: '03509a405f740416929ce766fd785674') in 0.003181 seconds
  Import took 0.008620 seconds .

========================================================================
Received Prepare
Registering precompiled user dll's ...
Registered in 0.002377 seconds.
Begin MonoManager ReloadAssembly
Native extension for WindowsStandalone target not found
Refreshing native plugins compatible for Editor in 0.56 ms, found 0 plugins.
Preloading 0 native plugins for Editor in 0.00 ms.
Invoked RoslynAnalysisRunner static constructor.
RoslynAnalysisRunner will not be running.
RoslynAnalysisRunner has terminated.
Mono: successfully reloaded assembly
- Completed reload, in  0.983 seconds
Platform modules already initialized, skipping
Refreshing native plugins compatible for Editor in 0.74 ms, found 0 plugins.
Preloading 0 native plugins for Editor in 0.00 ms.
Unloading 1742 Unused Serialized files (Serialized files now loaded: 0)
System memory in use before: 154.8 MB.
System memory in use after: 154.8 MB.

Unloading 25 unused Assets to reduce memory usage. Loaded Objects now: 2265.
Total: 3.521500 ms (FindLiveObjects: 0.426500 ms CreateObjectMapping: 0.120700 ms MarkObjects: 2.842600 ms  DeleteObjects: 0.130800 ms)

========================================================================
Received Import Request.
  Time since last request: 21.823588 seconds.
  path: Assets/scripts/Machines/conveyor/playerController.cs
  artifactKey: Guid(f78321464b79b1f488202c7a2d2b666a) Importer(815301076,1909f56bfc062723c751e8b465ee728b)
Start importing Assets/scripts/Machines/conveyor/playerController.cs using Guid(f78321464b79b1f488202c7a2d2b666a) Importer(815301076,1909f56bfc062723c751e8b465ee728b)  -> (artifact id: '4319e656e732c86c531a63d0a802ffdb') in 0.004816 seconds
  Import took 0.008633 seconds .

========================================================================
Received Import Request.
  Time since last request: 3345.380222 seconds.
  path: Assets/scripts/Machines/conveyor/playerController.cs
  artifactKey: Guid(f78321464b79b1f488202c7a2d2b666a) Importer(815301076,1909f56bfc062723c751e8b465ee728b)
Start importing Assets/scripts/Machines/conveyor/playerController.cs using Guid(f78321464b79b1f488202c7a2d2b666a) Importer(815301076,1909f56bfc062723c751e8b465ee728b)  -> (artifact id: '7c46489d02ff1fd6586fbb8084477f99') in 0.007837 seconds
  Import took 0.013404 seconds .

========================================================================
Received Import Request.
  Time since last request: 676.213928 seconds.
  path: Assets/scripts/Machines/conveyor/playerController.cs
  artifactKey: Guid(f78321464b79b1f488202c7a2d2b666a) Importer(815301076,1909f56bfc062723c751e8b465ee728b)
Start importing Assets/scripts/Machines/conveyor/playerController.cs using Guid(f78321464b79b1f488202c7a2d2b666a) Importer(815301076,1909f56bfc062723c751e8b465ee728b)  -> (artifact id: 'bd7e818571ac08f4c8fd54776e67e021') in 0.003144 seconds
  Import took 0.010406 seconds .

========================================================================
Received Prepare
Registering precompiled user dll's ...
Registered in 0.002919 seconds.
Begin MonoManager ReloadAssembly
Native extension for WindowsStandalone target not found
Refreshing native plugins compatible for Editor in 0.56 ms, found 0 plugins.
Preloading 0 native plugins for Editor in 0.00 ms.
Invoked RoslynAnalysisRunner static constructor.
RoslynAnalysisRunner will not be running.
RoslynAnalysisRunner has terminated.
Mono: successfully reloaded assembly
- Completed reload, in  1.172 seconds
Platform modules already initialized, skipping
Refreshing native plugins compatible for Editor in 0.44 ms, found 0 plugins.
Preloading 0 native plugins for Editor in 0.00 ms.
Unloading 1742 Unused Serialized files (Serialized files now loaded: 0)
System memory in use before: 154.8 MB.
System memory in use after: 154.8 MB.

Unloading 25 unused Assets to reduce memory usage. Loaded Objects now: 2267.
Total: 3.859500 ms (FindLiveObjects: 0.191800 ms CreateObjectMapping: 0.072400 ms MarkObjects: 3.442700 ms  DeleteObjects: 0.150800 ms)

========================================================================
Received Import Request.
  Time since last request: 33.317024 seconds.
  path: Assets/scripts/Machines/conveyor/playerController.cs
  artifactKey: Guid(f78321464b79b1f488202c7a2d2b666a) Importer(815301076,1909f56bfc062723c751e8b465ee728b)
Start importing Assets/scripts/Machines/conveyor/playerController.cs using Guid(f78321464b79b1f488202c7a2d2b666a) Importer(815301076,1909f56bfc062723c751e8b465ee728b)  -> (artifact id: '40995096f2bce73a4a9ad894d21d8332') in 0.005987 seconds
  Import took 0.010062 seconds .

========================================================================
Received Import Request.
  Time since last request: 309.729060 seconds.
  path: Assets/Scenes/FactorySceneTest.unity
  artifactKey: Guid(df8dd9048369d9c4e86ffb36330b7cb4) Importer(815301076,1909f56bfc062723c751e8b465ee728b)
Start importing Assets/Scenes/FactorySceneTest.unity using Guid(df8dd9048369d9c4e86ffb36330b7cb4) Importer(815301076,1909f56bfc062723c751e8b465ee728b)  -> (artifact id: '1ebb26a86002c552430e90b6a5b00911') in 0.017781 seconds
  Import took 0.025721 seconds .

========================================================================
Received Prepare
Registering precompiled user dll's ...
Registered in 0.008607 seconds.
Begin MonoManager ReloadAssembly
Native extension for WindowsStandalone target not found
Refreshing native plugins compatible for Editor in 1.27 ms, found 0 plugins.
Preloading 0 native plugins for Editor in 0.00 ms.
Invoked RoslynAnalysisRunner static constructor.
RoslynAnalysisRunner will not be running.
RoslynAnalysisRunner has terminated.
Mono: successfully reloaded assembly
- Completed reload, in  1.982 seconds
Platform modules already initialized, skipping
Refreshing native plugins compatible for Editor in 0.62 ms, found 0 plugins.
Preloading 0 native plugins for Editor in 0.00 ms.
Unloading 1742 Unused Serialized files (Serialized files now loaded: 0)
System memory in use before: 154.8 MB.
System memory in use after: 154.9 MB.

Unloading 25 unused Assets to reduce memory usage. Loaded Objects now: 2269.
Total: 3.307700 ms (FindLiveObjects: 0.333500 ms CreateObjectMapping: 0.213200 ms MarkObjects: 2.620500 ms  DeleteObjects: 0.137600 ms)

========================================================================
Received Prepare
Registering precompiled user dll's ...
Registered in 0.003934 seconds.
Begin MonoManager ReloadAssembly
Native extension for WindowsStandalone target not found
Refreshing native plugins compatible for Editor in 0.61 ms, found 0 plugins.
Preloading 0 native plugins for Editor in 0.00 ms.
Invoked RoslynAnalysisRunner static constructor.
RoslynAnalysisRunner will not be running.
RoslynAnalysisRunner has terminated.
Mono: successfully reloaded assembly
- Completed reload, in  1.543 seconds
Platform modules already initialized, skipping
Refreshing native plugins compatible for Editor in 0.57 ms, found 0 plugins.
Preloading 0 native plugins for Editor in 0.00 ms.
Unloading 1742 Unused Serialized files (Serialized files now loaded: 0)
System memory in use before: 154.8 MB.
System memory in use after: 154.9 MB.

Unloading 25 unused Assets to reduce memory usage. Loaded Objects now: 2271.
Total: 2.741500 ms (FindLiveObjects: 0.250800 ms CreateObjectMapping: 0.115300 ms MarkObjects: 2.268700 ms  DeleteObjects: 0.105000 ms)

========================================================================
Received Prepare
Registering precompiled user dll's ...
Registered in 0.009249 seconds.
Begin MonoManager ReloadAssembly
Native extension for WindowsStandalone target not found
Refreshing native plugins compatible for Editor in 0.55 ms, found 0 plugins.
Preloading 0 native plugins for Editor in 0.00 ms.
Invoked RoslynAnalysisRunner static constructor.
RoslynAnalysisRunner will not be running.
RoslynAnalysisRunner has terminated.
Mono: successfully reloaded assembly
- Completed reload, in  1.194 seconds
Platform modules already initialized, skipping
Refreshing native plugins compatible for Editor in 0.58 ms, found 0 plugins.
Preloading 0 native plugins for Editor in 0.00 ms.
Unloading 1742 Unused Serialized files (Serialized files now loaded: 0)
System memory in use before: 154.8 MB.
System memory in use after: 154.9 MB.

Unloading 25 unused Assets to reduce memory usage. Loaded Objects now: 2273.
Total: 4.158300 ms (FindLiveObjects: 0.308800 ms CreateObjectMapping: 0.132200 ms MarkObjects: 3.570600 ms  DeleteObjects: 0.143800 ms)

========================================================================
Received Prepare
Registering precompiled user dll's ...
Registered in 0.003071 seconds.
Begin MonoManager ReloadAssembly
Native extension for WindowsStandalone target not found
Refreshing native plugins compatible for Editor in 0.58 ms, found 0 plugins.
Preloading 0 native plugins for Editor in 0.00 ms.
Invoked RoslynAnalysisRunner static constructor.
RoslynAnalysisRunner will not be running.
RoslynAnalysisRunner has terminated.
Mono: successfully reloaded assembly
- Completed reload, in  1.131 seconds
Platform modules already initialized, skipping
Refreshing native plugins compatible for Editor in 0.56 ms, found 0 plugins.
Preloading 0 native plugins for Editor in 0.00 ms.
Unloading 1742 Unused Serialized files (Serialized files now loaded: 0)
System memory in use before: 154.8 MB.
System memory in use after: 154.9 MB.

Unloading 25 unused Assets to reduce memory usage. Loaded Objects now: 2275.
Total: 2.571900 ms (FindLiveObjects: 0.276100 ms CreateObjectMapping: 0.110100 ms MarkObjects: 2.062600 ms  DeleteObjects: 0.121200 ms)

========================================================================
Received Import Request.
  Time since last request: 325.054312 seconds.
  path: Assets/Scenes/game elements.unity
  artifactKey: Guid(1e8d9e8752dda8241911227883c1ae60) Importer(815301076,1909f56bfc062723c751e8b465ee728b)
Start importing Assets/Scenes/game elements.unity using Guid(1e8d9e8752dda8241911227883c1ae60) Importer(815301076,1909f56bfc062723c751e8b465ee728b)  -> (artifact id: 'ef08f4a471f54cc4c748c18c2550ed31') in 0.020399 seconds
  Import took 0.025162 seconds .

========================================================================
Received Import Request.
  Time since last request: 43.410473 seconds.
  path: Assets/Scenes/FactorySceneTest.unity
  artifactKey: Guid(df8dd9048369d9c4e86ffb36330b7cb4) Importer(815301076,1909f56bfc062723c751e8b465ee728b)
Start importing Assets/Scenes/FactorySceneTest.unity using Guid(df8dd9048369d9c4e86ffb36330b7cb4) Importer(815301076,1909f56bfc062723c751e8b465ee728b)  -> (artifact id: 'c1212aabea9976c75a6c27007959ef75') in 0.003700 seconds
  Import took 0.017833 seconds .

========================================================================
Received Prepare
Registering precompiled user dll's ...
Registered in 0.004161 seconds.
Begin MonoManager ReloadAssembly
Native extension for WindowsStandalone target not found
Refreshing native plugins compatible for Editor in 0.44 ms, found 0 plugins.
Preloading 0 native plugins for Editor in 0.00 ms.
Invoked RoslynAnalysisRunner static constructor.
RoslynAnalysisRunner will not be running.
RoslynAnalysisRunner has terminated.
Mono: successfully reloaded assembly
- Completed reload, in  0.974 seconds
Platform modules already initialized, skipping
Refreshing native plugins compatible for Editor in 0.48 ms, found 0 plugins.
Preloading 0 native plugins for Editor in 0.00 ms.
Unloading 1742 Unused Serialized files (Serialized files now loaded: 0)
System memory in use before: 154.8 MB.
System memory in use after: 154.9 MB.

Unloading 25 unused Assets to reduce memory usage. Loaded Objects now: 2277.
Total: 3.266900 ms (FindLiveObjects: 0.216000 ms CreateObjectMapping: 0.110000 ms MarkObjects: 2.816900 ms  DeleteObjects: 0.122600 ms)

========================================================================
Received Prepare
Registering precompiled user dll's ...
Registered in 0.003076 seconds.
Begin MonoManager ReloadAssembly
Native extension for WindowsStandalone target not found
Refreshing native plugins compatible for Editor in 0.45 ms, found 0 plugins.
Preloading 0 native plugins for Editor in 0.00 ms.
Invoked RoslynAnalysisRunner static constructor.
RoslynAnalysisRunner will not be running.
RoslynAnalysisRunner has terminated.
Mono: successfully reloaded assembly
- Completed reload, in  0.948 seconds
Platform modules already initialized, skipping
Refreshing native plugins compatible for Editor in 0.68 ms, found 0 plugins.
Preloading 0 native plugins for Editor in 0.00 ms.
Unloading 1742 Unused Serialized files (Serialized files now loaded: 0)
System memory in use before: 154.8 MB.
System memory in use after: 154.9 MB.

Unloading 25 unused Assets to reduce memory usage. Loaded Objects now: 2279.
Total: 3.331500 ms (FindLiveObjects: 0.426600 ms CreateObjectMapping: 0.080600 ms MarkObjects: 2.716800 ms  DeleteObjects: 0.106600 ms)

========================================================================
Received Prepare
Registering precompiled user dll's ...
Registered in 0.002471 seconds.
Begin MonoManager ReloadAssembly
Native extension for WindowsStandalone target not found
Refreshing native plugins compatible for Editor in 0.46 ms, found 0 plugins.
Preloading 0 native plugins for Editor in 0.00 ms.
Invoked RoslynAnalysisRunner static constructor.
RoslynAnalysisRunner will not be running.
RoslynAnalysisRunner has terminated.
Mono: successfully reloaded assembly
- Completed reload, in  0.974 seconds
Platform modules already initialized, skipping
Refreshing native plugins compatible for Editor in 0.60 ms, found 0 plugins.
Preloading 0 native plugins for Editor in 0.00 ms.
Unloading 1742 Unused Serialized files (Serialized files now loaded: 0)
System memory in use before: 154.8 MB.
System memory in use after: 154.9 MB.

Unloading 25 unused Assets to reduce memory usage. Loaded Objects now: 2281.
Total: 3.250400 ms (FindLiveObjects: 0.443300 ms CreateObjectMapping: 0.158400 ms MarkObjects: 2.558400 ms  DeleteObjects: 0.088500 ms)

========================================================================
Received Prepare
Registering precompiled user dll's ...
Registered in 0.014553 seconds.
Begin MonoManager ReloadAssembly
Native extension for WindowsStandalone target not found
Refreshing native plugins compatible for Editor in 2.74 ms, found 0 plugins.
Preloading 0 native plugins for Editor in 0.00 ms.
Invoked RoslynAnalysisRunner static constructor.
RoslynAnalysisRunner will not be running.
RoslynAnalysisRunner has terminated.
Mono: successfully reloaded assembly
- Completed reload, in  3.984 seconds
Platform modules already initialized, skipping
Refreshing native plugins compatible for Editor in 3.06 ms, found 0 plugins.
Preloading 0 native plugins for Editor in 0.00 ms.
Unloading 1742 Unused Serialized files (Serialized files now loaded: 0)
System memory in use before: 154.8 MB.
System memory in use after: 154.9 MB.

Unloading 25 unused Assets to reduce memory usage. Loaded Objects now: 2283.
Total: 9.937600 ms (FindLiveObjects: 1.039000 ms CreateObjectMapping: 0.540700 ms MarkObjects: 8.010800 ms  DeleteObjects: 0.342200 ms)

========================================================================
Received Prepare
Registering precompiled user dll's ...
Registered in 0.002644 seconds.
Begin MonoManager ReloadAssembly
Native extension for WindowsStandalone target not found
Refreshing native plugins compatible for Editor in 0.62 ms, found 0 plugins.
Preloading 0 native plugins for Editor in 0.00 ms.
Invoked RoslynAnalysisRunner static constructor.
RoslynAnalysisRunner will not be running.
RoslynAnalysisRunner has terminated.
Mono: successfully reloaded assembly
- Completed reload, in  1.042 seconds
Platform modules already initialized, skipping
Refreshing native plugins compatible for Editor in 0.49 ms, found 0 plugins.
Preloading 0 native plugins for Editor in 0.00 ms.
Unloading 1742 Unused Serialized files (Serialized files now loaded: 0)
System memory in use before: 154.8 MB.
System memory in use after: 154.9 MB.

Unloading 25 unused Assets to reduce memory usage. Loaded Objects now: 2285.
Total: 4.380200 ms (FindLiveObjects: 0.438400 ms CreateObjectMapping: 0.119400 ms MarkObjects: 3.693100 ms  DeleteObjects: 0.127300 ms)

========================================================================
Received Prepare
Registering precompiled user dll's ...
Registered in 0.002690 seconds.
Begin MonoManager ReloadAssembly
Native extension for WindowsStandalone target not found
Refreshing native plugins compatible for Editor in 0.51 ms, found 0 plugins.
Preloading 0 native plugins for Editor in 0.00 ms.
Invoked RoslynAnalysisRunner static constructor.
RoslynAnalysisRunner will not be running.
RoslynAnalysisRunner has terminated.
Mono: successfully reloaded assembly
- Completed reload, in  1.523 seconds
Platform modules already initialized, skipping
Refreshing native plugins compatible for Editor in 0.48 ms, found 0 plugins.
Preloading 0 native plugins for Editor in 0.00 ms.
Unloading 1742 Unused Serialized files (Serialized files now loaded: 0)
System memory in use before: 154.8 MB.
System memory in use after: 154.9 MB.

Unloading 25 unused Assets to reduce memory usage. Loaded Objects now: 2287.
Total: 3.269300 ms (FindLiveObjects: 0.439800 ms CreateObjectMapping: 0.184800 ms MarkObjects: 2.535000 ms  DeleteObjects: 0.108200 ms)

========================================================================
Received Prepare
Registering precompiled user dll's ...
Registered in 0.005993 seconds.
Begin MonoManager ReloadAssembly
Native extension for WindowsStandalone target not found
Refreshing native plugins compatible for Editor in 0.59 ms, found 0 plugins.
Preloading 0 native plugins for Editor in 0.00 ms.
Invoked RoslynAnalysisRunner static constructor.
RoslynAnalysisRunner will not be running.
RoslynAnalysisRunner has terminated.
Mono: successfully reloaded assembly
- Completed reload, in  1.224 seconds
Platform modules already initialized, skipping
Refreshing native plugins compatible for Editor in 0.61 ms, found 0 plugins.
Preloading 0 native plugins for Editor in 0.00 ms.
Unloading 1742 Unused Serialized files (Serialized files now loaded: 0)
System memory in use before: 154.8 MB.
System memory in use after: 154.9 MB.

Unloading 25 unused Assets to reduce memory usage. Loaded Objects now: 2289.
Total: 2.655700 ms (FindLiveObjects: 0.239700 ms CreateObjectMapping: 0.114800 ms MarkObjects: 2.196700 ms  DeleteObjects: 0.102600 ms)

========================================================================
Received Prepare
Registering precompiled user dll's ...
Registered in 0.003158 seconds.
Begin MonoManager ReloadAssembly
Native extension for WindowsStandalone target not found
Refreshing native plugins compatible for Editor in 0.67 ms, found 0 plugins.
Preloading 0 native plugins for Editor in 0.00 ms.
Invoked RoslynAnalysisRunner static constructor.
RoslynAnalysisRunner will not be running.
RoslynAnalysisRunner has terminated.
Mono: successfully reloaded assembly
- Completed reload, in  1.196 seconds
Platform modules already initialized, skipping
Refreshing native plugins compatible for Editor in 1.45 ms, found 0 plugins.
Preloading 0 native plugins for Editor in 0.00 ms.
Unloading 1742 Unused Serialized files (Serialized files now loaded: 0)
System memory in use before: 154.9 MB.
System memory in use after: 154.9 MB.

Unloading 25 unused Assets to reduce memory usage. Loaded Objects now: 2291.
Total: 4.793600 ms (FindLiveObjects: 0.675800 ms CreateObjectMapping: 0.181900 ms MarkObjects: 3.792700 ms  DeleteObjects: 0.139600 ms)

========================================================================
Received Prepare
Registering precompiled user dll's ...
Registered in 0.002234 seconds.
Begin MonoManager ReloadAssembly
Native extension for WindowsStandalone target not found
Refreshing native plugins compatible for Editor in 0.44 ms, found 0 plugins.
Preloading 0 native plugins for Editor in 0.00 ms.
Invoked RoslynAnalysisRunner static constructor.
RoslynAnalysisRunner will not be running.
RoslynAnalysisRunner has terminated.
Mono: successfully reloaded assembly
- Completed reload, in  0.936 seconds
Platform modules already initialized, skipping
Refreshing native plugins compatible for Editor in 0.49 ms, found 0 plugins.
Preloading 0 native plugins for Editor in 0.00 ms.
Unloading 1742 Unused Serialized files (Serialized files now loaded: 0)
System memory in use before: 154.9 MB.
System memory in use after: 154.9 MB.

Unloading 25 unused Assets to reduce memory usage. Loaded Objects now: 2293.
Total: 3.293600 ms (FindLiveObjects: 0.417400 ms CreateObjectMapping: 0.079600 ms MarkObjects: 2.631600 ms  DeleteObjects: 0.163900 ms)

========================================================================
Received Prepare
Registering precompiled user dll's ...
Registered in 0.003428 seconds.
Begin MonoManager ReloadAssembly
Native extension for WindowsStandalone target not found
Refreshing native plugins compatible for Editor in 0.49 ms, found 0 plugins.
Preloading 0 native plugins for Editor in 0.00 ms.
Invoked RoslynAnalysisRunner static constructor.
RoslynAnalysisRunner will not be running.
RoslynAnalysisRunner has terminated.
Mono: successfully reloaded assembly
- Completed reload, in  0.922 seconds
Platform modules already initialized, skipping
Refreshing native plugins compatible for Editor in 0.57 ms, found 0 plugins.
Preloading 0 native plugins for Editor in 0.00 ms.
Unloading 1742 Unused Serialized files (Serialized files now loaded: 0)
System memory in use before: 154.9 MB.
System memory in use after: 154.9 MB.

Unloading 25 unused Assets to reduce memory usage. Loaded Objects now: 2295.
Total: 3.370700 ms (FindLiveObjects: 0.205200 ms CreateObjectMapping: 0.073800 ms MarkObjects: 2.966200 ms  DeleteObjects: 0.124200 ms)

========================================================================
Received Prepare
Registering precompiled user dll's ...
Registered in 0.002538 seconds.
Begin MonoManager ReloadAssembly
Native extension for WindowsStandalone target not found
Refreshing native plugins compatible for Editor in 0.71 ms, found 0 plugins.
Preloading 0 native plugins for Editor in 0.00 ms.
Invoked RoslynAnalysisRunner static constructor.
RoslynAnalysisRunner will not be running.
RoslynAnalysisRunner has terminated.
Mono: successfully reloaded assembly
- Completed reload, in  0.990 seconds
Platform modules already initialized, skipping
Refreshing native plugins compatible for Editor in 0.70 ms, found 0 plugins.
Preloading 0 native plugins for Editor in 0.00 ms.
Unloading 1742 Unused Serialized files (Serialized files now loaded: 0)
System memory in use before: 154.9 MB.
System memory in use after: 155.0 MB.

Unloading 25 unused Assets to reduce memory usage. Loaded Objects now: 2297.
Total: 2.344500 ms (FindLiveObjects: 0.187000 ms CreateObjectMapping: 0.068700 ms MarkObjects: 1.968600 ms  DeleteObjects: 0.099300 ms)

========================================================================
Received Prepare
Registering precompiled user dll's ...
Registered in 0.003852 seconds.
Begin MonoManager ReloadAssembly
Native extension for WindowsStandalone target not found
Refreshing native plugins compatible for Editor in 0.48 ms, found 0 plugins.
Preloading 0 native plugins for Editor in 0.00 ms.
Invoked RoslynAnalysisRunner static constructor.
RoslynAnalysisRunner will not be running.
RoslynAnalysisRunner has terminated.
Mono: successfully reloaded assembly
- Completed reload, in  1.000 seconds
Platform modules already initialized, skipping
Refreshing native plugins compatible for Editor in 0.48 ms, found 0 plugins.
Preloading 0 native plugins for Editor in 0.00 ms.
Unloading 1742 Unused Serialized files (Serialized files now loaded: 0)
System memory in use before: 154.9 MB.
System memory in use after: 155.0 MB.

Unloading 25 unused Assets to reduce memory usage. Loaded Objects now: 2299.
Total: 2.794900 ms (FindLiveObjects: 0.327000 ms CreateObjectMapping: 0.152100 ms MarkObjects: 2.188500 ms  DeleteObjects: 0.125100 ms)

========================================================================
Received Prepare
Registering precompiled user dll's ...
Registered in 0.003406 seconds.
Begin MonoManager ReloadAssembly
Native extension for WindowsStandalone target not found
Refreshing native plugins compatible for Editor in 0.42 ms, found 0 plugins.
Preloading 0 native plugins for Editor in 0.00 ms.
Invoked RoslynAnalysisRunner static constructor.
RoslynAnalysisRunner will not be running.
RoslynAnalysisRunner has terminated.
Mono: successfully reloaded assembly
- Completed reload, in  0.952 seconds
Platform modules already initialized, skipping
Refreshing native plugins compatible for Editor in 0.63 ms, found 0 plugins.
Preloading 0 native plugins for Editor in 0.00 ms.
Unloading 1742 Unused Serialized files (Serialized files now loaded: 0)
System memory in use before: 154.9 MB.
System memory in use after: 155.0 MB.

Unloading 25 unused Assets to reduce memory usage. Loaded Objects now: 2301.
Total: 2.458500 ms (FindLiveObjects: 0.183900 ms CreateObjectMapping: 0.068300 ms MarkObjects: 2.109300 ms  DeleteObjects: 0.095900 ms)

========================================================================
Received Prepare
Registering precompiled user dll's ...
Registered in 0.003790 seconds.
Begin MonoManager ReloadAssembly
Native extension for WindowsStandalone target not found
Refreshing native plugins compatible for Editor in 0.46 ms, found 0 plugins.
Preloading 0 native plugins for Editor in 0.00 ms.
Invoked RoslynAnalysisRunner static constructor.
RoslynAnalysisRunner will not be running.
RoslynAnalysisRunner has terminated.
Mono: successfully reloaded assembly
- Completed reload, in  0.974 seconds
Platform modules already initialized, skipping
Refreshing native plugins compatible for Editor in 0.44 ms, found 0 plugins.
Preloading 0 native plugins for Editor in 0.00 ms.
Unloading 1742 Unused Serialized files (Serialized files now loaded: 0)
System memory in use before: 154.9 MB.
System memory in use after: 155.0 MB.

Unloading 25 unused Assets to reduce memory usage. Loaded Objects now: 2303.
Total: 2.978800 ms (FindLiveObjects: 0.184600 ms CreateObjectMapping: 0.070900 ms MarkObjects: 2.570800 ms  DeleteObjects: 0.151000 ms)

========================================================================
Received Prepare
Registering precompiled user dll's ...
Registered in 0.003319 seconds.
Begin MonoManager ReloadAssembly
Native extension for WindowsStandalone target not found
Refreshing native plugins compatible for Editor in 0.82 ms, found 0 plugins.
Preloading 0 native plugins for Editor in 0.00 ms.
Invoked RoslynAnalysisRunner static constructor.
RoslynAnalysisRunner will not be running.
RoslynAnalysisRunner has terminated.
Mono: successfully reloaded assembly
- Completed reload, in  1.026 seconds
Platform modules already initialized, skipping
Refreshing native plugins compatible for Editor in 0.61 ms, found 0 plugins.
Preloading 0 native plugins for Editor in 0.00 ms.
Unloading 1742 Unused Serialized files (Serialized files now loaded: 0)
System memory in use before: 154.9 MB.
System memory in use after: 155.0 MB.

Unloading 25 unused Assets to reduce memory usage. Loaded Objects now: 2305.
Total: 2.542800 ms (FindLiveObjects: 0.406300 ms CreateObjectMapping: 0.083000 ms MarkObjects: 1.932400 ms  DeleteObjects: 0.119700 ms)

========================================================================
Received Prepare
Registering precompiled user dll's ...
Registered in 0.009974 seconds.
Begin MonoManager ReloadAssembly
Native extension for WindowsStandalone target not found
Refreshing native plugins compatible for Editor in 1.92 ms, found 0 plugins.
Preloading 0 native plugins for Editor in 0.00 ms.
Invoked RoslynAnalysisRunner static constructor.
RoslynAnalysisRunner will not be running.
RoslynAnalysisRunner has terminated.
Mono: successfully reloaded assembly
- Completed reload, in  4.384 seconds
Platform modules already initialized, skipping
Refreshing native plugins compatible for Editor in 1.95 ms, found 0 plugins.
Preloading 0 native plugins for Editor in 0.00 ms.
Unloading 1742 Unused Serialized files (Serialized files now loaded: 0)
System memory in use before: 154.9 MB.
System memory in use after: 155.0 MB.

Unloading 25 unused Assets to reduce memory usage. Loaded Objects now: 2307.
Total: 11.538800 ms (FindLiveObjects: 0.922700 ms CreateObjectMapping: 0.608300 ms MarkObjects: 9.556200 ms  DeleteObjects: 0.441500 ms)

========================================================================
Received Prepare
Registering precompiled user dll's ...
Registered in 0.002300 seconds.
Begin MonoManager ReloadAssembly
Native extension for WindowsStandalone target not found
Refreshing native plugins compatible for Editor in 0.53 ms, found 0 plugins.
Preloading 0 native plugins for Editor in 0.00 ms.
Invoked RoslynAnalysisRunner static constructor.
RoslynAnalysisRunner will not be running.
RoslynAnalysisRunner has terminated.
Mono: successfully reloaded assembly
- Completed reload, in  0.950 seconds
Platform modules already initialized, skipping
Refreshing native plugins compatible for Editor in 0.44 ms, found 0 plugins.
Preloading 0 native plugins for Editor in 0.00 ms.
Unloading 1742 Unused Serialized files (Serialized files now loaded: 0)
System memory in use before: 154.9 MB.
System memory in use after: 155.0 MB.

Unloading 25 unused Assets to reduce memory usage. Loaded Objects now: 2309.
Total: 2.358300 ms (FindLiveObjects: 0.229500 ms CreateObjectMapping: 0.068500 ms MarkObjects: 1.945700 ms  DeleteObjects: 0.113700 ms)

========================================================================
Received Prepare
Registering precompiled user dll's ...
Registered in 0.002477 seconds.
Begin MonoManager ReloadAssembly
Native extension for WindowsStandalone target not found
Refreshing native plugins compatible for Editor in 0.50 ms, found 0 plugins.
Preloading 0 native plugins for Editor in 0.00 ms.
Invoked RoslynAnalysisRunner static constructor.
RoslynAnalysisRunner will not be running.
RoslynAnalysisRunner has terminated.
Mono: successfully reloaded assembly
- Completed reload, in  1.007 seconds
Platform modules already initialized, skipping
Refreshing native plugins compatible for Editor in 0.44 ms, found 0 plugins.
Preloading 0 native plugins for Editor in 0.00 ms.
Unloading 1742 Unused Serialized files (Serialized files now loaded: 0)
System memory in use before: 154.9 MB.
System memory in use after: 155.0 MB.

Unloading 25 unused Assets to reduce memory usage. Loaded Objects now: 2311.
Total: 3.017100 ms (FindLiveObjects: 0.450600 ms CreateObjectMapping: 0.221000 ms MarkObjects: 2.242600 ms  DeleteObjects: 0.101200 ms)

========================================================================
Received Prepare
Registering precompiled user dll's ...
Registered in 0.002345 seconds.
Begin MonoManager ReloadAssembly
Native extension for WindowsStandalone target not found
Refreshing native plugins compatible for Editor in 0.45 ms, found 0 plugins.
Preloading 0 native plugins for Editor in 0.00 ms.
Invoked RoslynAnalysisRunner static constructor.
RoslynAnalysisRunner will not be running.
RoslynAnalysisRunner has terminated.
Mono: successfully reloaded assembly
- Completed reload, in  1.005 seconds
Platform modules already initialized, skipping
Refreshing native plugins compatible for Editor in 0.47 ms, found 0 plugins.
Preloading 0 native plugins for Editor in 0.00 ms.
Unloading 1742 Unused Serialized files (Serialized files now loaded: 0)
System memory in use before: 154.9 MB.
System memory in use after: 155.0 MB.

Unloading 25 unused Assets to reduce memory usage. Loaded Objects now: 2313.
Total: 2.479000 ms (FindLiveObjects: 0.211800 ms CreateObjectMapping: 0.075600 ms MarkObjects: 2.063700 ms  DeleteObjects: 0.125800 ms)

========================================================================
Received Prepare
Registering precompiled user dll's ...
Registered in 0.002871 seconds.
Begin MonoManager ReloadAssembly
Native extension for WindowsStandalone target not found
Refreshing native plugins compatible for Editor in 1.02 ms, found 0 plugins.
Preloading 0 native plugins for Editor in 0.00 ms.
Invoked RoslynAnalysisRunner static constructor.
RoslynAnalysisRunner will not be running.
RoslynAnalysisRunner has terminated.
Mono: successfully reloaded assembly
- Completed reload, in  1.005 seconds
Platform modules already initialized, skipping
Refreshing native plugins compatible for Editor in 0.44 ms, found 0 plugins.
Preloading 0 native plugins for Editor in 0.00 ms.
Unloading 1742 Unused Serialized files (Serialized files now loaded: 0)
System memory in use before: 154.9 MB.
System memory in use after: 155.0 MB.

Unloading 25 unused Assets to reduce memory usage. Loaded Objects now: 2315.
Total: 3.581100 ms (FindLiveObjects: 0.401600 ms CreateObjectMapping: 0.149800 ms MarkObjects: 2.856100 ms  DeleteObjects: 0.172200 ms)

========================================================================
Received Prepare
Registering precompiled user dll's ...
Registered in 0.006374 seconds.
Begin MonoManager ReloadAssembly
Native extension for WindowsStandalone target not found
Refreshing native plugins compatible for Editor in 0.98 ms, found 0 plugins.
Preloading 0 native plugins for Editor in 0.00 ms.
Invoked RoslynAnalysisRunner static constructor.
RoslynAnalysisRunner will not be running.
RoslynAnalysisRunner has terminated.
Mono: successfully reloaded assembly
- Completed reload, in  1.793 seconds
Platform modules already initialized, skipping
Refreshing native plugins compatible for Editor in 0.64 ms, found 0 plugins.
Preloading 0 native plugins for Editor in 0.00 ms.
Unloading 1742 Unused Serialized files (Serialized files now loaded: 0)
System memory in use before: 154.9 MB.
System memory in use after: 155.0 MB.

Unloading 25 unused Assets to reduce memory usage. Loaded Objects now: 2317.
Total: 3.013200 ms (FindLiveObjects: 0.249100 ms CreateObjectMapping: 0.112600 ms MarkObjects: 2.542100 ms  DeleteObjects: 0.107300 ms)

========================================================================
Received Import Request.
  Time since last request: 3427.199941 seconds.
  path: Assets/Scenes/FactorySceneTest.unity
  artifactKey: Guid(df8dd9048369d9c4e86ffb36330b7cb4) Importer(815301076,1909f56bfc062723c751e8b465ee728b)
Start importing Assets/Scenes/FactorySceneTest.unity using Guid(df8dd9048369d9c4e86ffb36330b7cb4) Importer(815301076,1909f56bfc062723c751e8b465ee728b)  -> (artifact id: 'f3debe7913e64e0e64a6bea861c55790') in 0.020238 seconds
  Import took 0.025774 seconds .

========================================================================
Received Import Request.
  Time since last request: 0.001068 seconds.
  path: Assets/Scenes/FactorySceneTest.unity
  artifactKey: Guid(df8dd9048369d9c4e86ffb36330b7cb4) Importer(815301076,1909f56bfc062723c751e8b465ee728b)
Start importing Assets/Scenes/FactorySceneTest.unity using Guid(df8dd9048369d9c4e86ffb36330b7cb4) Importer(815301076,1909f56bfc062723c751e8b465ee728b)  -> (artifact id: 'f3debe7913e64e0e64a6bea861c55790') in 0.003400 seconds
  Import took 0.007442 seconds .

========================================================================
Received Import Request.
  Time since last request: 0.197235 seconds.
  path: Assets/Scenes/game elements.unity
  artifactKey: Guid(1e8d9e8752dda8241911227883c1ae60) Importer(815301076,1909f56bfc062723c751e8b465ee728b)
Start importing Assets/Scenes/game elements.unity using Guid(1e8d9e8752dda8241911227883c1ae60) Importer(815301076,1909f56bfc062723c751e8b465ee728b)  -> (artifact id: 'b7deaf3780f1d4f23214a9b01fd07471') in 0.003857 seconds
  Import took 0.016174 seconds .

========================================================================
Received Import Request.
  Time since last request: 229.387558 seconds.
  path: Assets/animations/animTest.playable
  artifactKey: Guid(36d9363b6e5be6c4fb8b7f30aeb339ad) Importer(815301076,1909f56bfc062723c751e8b465ee728b)
Start importing Assets/animations/animTest.playable using Guid(36d9363b6e5be6c4fb8b7f30aeb339ad) Importer(815301076,1909f56bfc062723c751e8b465ee728b)  -> (artifact id: '15924840b31b50f5e23788488ba72074') in 0.016368 seconds
  Import took 0.020879 seconds .

========================================================================
Received Import Request.
  Time since last request: 43.868885 seconds.
  path: Assets/scripts/Machines/conveyor/Combiner.cs
  artifactKey: Guid(0451e86803e4abe47b8f7fab7b95bf17) Importer(815301076,1909f56bfc062723c751e8b465ee728b)
Start importing Assets/scripts/Machines/conveyor/Combiner.cs using Guid(0451e86803e4abe47b8f7fab7b95bf17) Importer(815301076,1909f56bfc062723c751e8b465ee728b)  -> (artifact id: 'c6e77ed61f61cb612fcfd928c2f40d2e') in 0.003894 seconds
  Import took 0.008874 seconds .

========================================================================
Received Import Request.
  Time since last request: 0.820085 seconds.
  path: Assets/scripts/Machines/conveyor/conveyor.cs
  artifactKey: Guid(f3effbb075664804fab70264f2239f4b) Importer(815301076,1909f56bfc062723c751e8b465ee728b)
Start importing Assets/scripts/Machines/conveyor/conveyor.cs using Guid(f3effbb075664804fab70264f2239f4b) Importer(815301076,1909f56bfc062723c751e8b465ee728b)  -> (artifact id: '73b70ae992966b2ff10172bb80394c57') in 0.002340 seconds
  Import took 0.015715 seconds .

========================================================================
Received Import Request.
  Time since last request: 0.172754 seconds.
  path: Assets/scripts/Machines/conveyor/ItemData.cs
  artifactKey: Guid(af180c3a9c4a05d468b8b7db53c8f69c) Importer(815301076,1909f56bfc062723c751e8b465ee728b)
Start importing Assets/scripts/Machines/conveyor/ItemData.cs using Guid(af180c3a9c4a05d468b8b7db53c8f69c) Importer(815301076,1909f56bfc062723c751e8b465ee728b)  -> (artifact id: '16b862fd2ab9c61d6d7861bdd6e9ee97') in 0.039405 seconds
  Import took 0.069079 seconds .

========================================================================
Received Import Request.
  Time since last request: 0.428984 seconds.
  path: Assets/scripts/Machines/conveyor/playerController.cs
  artifactKey: Guid(f78321464b79b1f488202c7a2d2b666a) Importer(815301076,1909f56bfc062723c751e8b465ee728b)
Start importing Assets/scripts/Machines/conveyor/playerController.cs using Guid(f78321464b79b1f488202c7a2d2b666a) Importer(815301076,1909f56bfc062723c751e8b465ee728b)  -> (artifact id: '1c009639b6649daa1da00c32239557e9') in 0.002740 seconds
  Import took 0.006862 seconds .

========================================================================
Received Import Request.
  Time since last request: 0.002076 seconds.
  path: Assets/scripts/Machines/conveyor/playerController.cs
  artifactKey: Guid(f78321464b79b1f488202c7a2d2b666a) Importer(815301076,1909f56bfc062723c751e8b465ee728b)
Start importing Assets/scripts/Machines/conveyor/playerController.cs using Guid(f78321464b79b1f488202c7a2d2b666a) Importer(815301076,1909f56bfc062723c751e8b465ee728b)  -> (artifact id: '1c009639b6649daa1da00c32239557e9') in 0.003369 seconds
  Import took 0.008598 seconds .

========================================================================
Received Import Request.
  Time since last request: 0.304676 seconds.
  path: Assets/scripts/Machines/conveyor/transformer.cs
  artifactKey: Guid(27b398b1407c9cb4eb393b766c1fabb0) Importer(815301076,1909f56bfc062723c751e8b465ee728b)
Start importing Assets/scripts/Machines/conveyor/transformer.cs using Guid(27b398b1407c9cb4eb393b766c1fabb0) Importer(815301076,1909f56bfc062723c751e8b465ee728b)  -> (artifact id: 'dd2007b3db6e5382fb3bd6a2b0a0d0c6') in 0.002401 seconds
  Import took 0.017490 seconds .

========================================================================
Received Prepare
Registering precompiled user dll's ...
Registered in 0.002720 seconds.
Begin MonoManager ReloadAssembly
Native extension for WindowsStandalone target not found
Refreshing native plugins compatible for Editor in 0.44 ms, found 0 plugins.
Preloading 0 native plugins for Editor in 0.00 ms.
Invoked RoslynAnalysisRunner static constructor.
RoslynAnalysisRunner will not be running.
RoslynAnalysisRunner has terminated.
Mono: successfully reloaded assembly
- Completed reload, in  0.986 seconds
Platform modules already initialized, skipping
Refreshing native plugins compatible for Editor in 0.50 ms, found 0 plugins.
Preloading 0 native plugins for Editor in 0.00 ms.
Unloading 1743 Unused Serialized files (Serialized files now loaded: 0)
System memory in use before: 154.9 MB.
System memory in use after: 155.0 MB.

Unloading 25 unused Assets to reduce memory usage. Loaded Objects now: 2320.
Total: 3.181600 ms (FindLiveObjects: 0.306500 ms CreateObjectMapping: 0.111000 ms MarkObjects: 2.639500 ms  DeleteObjects: 0.123700 ms)

========================================================================
Received Import Request.
  Time since last request: 145.065718 seconds.
  path: Assets/scripts/Machines/conveyor/Combiner.cs
  artifactKey: Guid(0451e86803e4abe47b8f7fab7b95bf17) Importer(815301076,1909f56bfc062723c751e8b465ee728b)
Start importing Assets/scripts/Machines/conveyor/Combiner.cs using Guid(0451e86803e4abe47b8f7fab7b95bf17) Importer(815301076,1909f56bfc062723c751e8b465ee728b)  -> (artifact id: '1f4c282e9cdeca0f7ad671f44ca1a476') in 0.011014 seconds
  Import took 0.017186 seconds .

========================================================================
Received Import Request.
  Time since last request: 11.917199 seconds.
  path: Assets/scripts/Machines/conveyor/Combiner.cs
  artifactKey: Guid(0451e86803e4abe47b8f7fab7b95bf17) Importer(815301076,1909f56bfc062723c751e8b465ee728b)
Start importing Assets/scripts/Machines/conveyor/Combiner.cs using Guid(0451e86803e4abe47b8f7fab7b95bf17) Importer(815301076,1909f56bfc062723c751e8b465ee728b)  -> (artifact id: '89157cc88b0143a6ccd293d696d3486b') in 0.004794 seconds
  Import took 0.009445 seconds .

========================================================================
Received Prepare
Registering precompiled user dll's ...
Registered in 0.003144 seconds.
Begin MonoManager ReloadAssembly
Native extension for WindowsStandalone target not found
Refreshing native plugins compatible for Editor in 0.56 ms, found 0 plugins.
Preloading 0 native plugins for Editor in 0.00 ms.
Invoked RoslynAnalysisRunner static constructor.
RoslynAnalysisRunner will not be running.
RoslynAnalysisRunner has terminated.
Mono: successfully reloaded assembly
- Completed reload, in  1.328 seconds
Platform modules already initialized, skipping
Refreshing native plugins compatible for Editor in 0.45 ms, found 0 plugins.
Preloading 0 native plugins for Editor in 0.00 ms.
Unloading 1743 Unused Serialized files (Serialized files now loaded: 0)
System memory in use before: 155.0 MB.
System memory in use after: 155.0 MB.

Unloading 25 unused Assets to reduce memory usage. Loaded Objects now: 2322.
Total: 3.142000 ms (FindLiveObjects: 0.380200 ms CreateObjectMapping: 0.106300 ms MarkObjects: 2.522400 ms  DeleteObjects: 0.131900 ms)

========================================================================
Received Import Request.
  Time since last request: 69.453855 seconds.
  path: Assets/scripts/Machines/conveyor/Combiner.cs
  artifactKey: Guid(0451e86803e4abe47b8f7fab7b95bf17) Importer(815301076,1909f56bfc062723c751e8b465ee728b)
Start importing Assets/scripts/Machines/conveyor/Combiner.cs using Guid(0451e86803e4abe47b8f7fab7b95bf17) Importer(815301076,1909f56bfc062723c751e8b465ee728b)  -> (artifact id: '555550a9d5f8ff37393284ccdcabf616') in 0.005078 seconds
  Import took 0.008700 seconds .

========================================================================
Received Prepare
Registering precompiled user dll's ...
Registered in 0.002474 seconds.
Begin MonoManager ReloadAssembly
Native extension for WindowsStandalone target not found
Refreshing native plugins compatible for Editor in 0.53 ms, found 0 plugins.
Preloading 0 native plugins for Editor in 0.00 ms.
Invoked RoslynAnalysisRunner static constructor.
RoslynAnalysisRunner will not be running.
RoslynAnalysisRunner has terminated.
Mono: successfully reloaded assembly
- Completed reload, in  0.959 seconds
Platform modules already initialized, skipping
Refreshing native plugins compatible for Editor in 0.46 ms, found 0 plugins.
Preloading 0 native plugins for Editor in 0.00 ms.
Unloading 1743 Unused Serialized files (Serialized files now loaded: 0)
System memory in use before: 155.0 MB.
System memory in use after: 155.0 MB.

Unloading 25 unused Assets to reduce memory usage. Loaded Objects now: 2324.
Total: 2.602500 ms (FindLiveObjects: 0.201200 ms CreateObjectMapping: 0.077400 ms MarkObjects: 2.205000 ms  DeleteObjects: 0.117600 ms)

========================================================================
Received Import Request.
  Time since last request: 48.920380 seconds.
  path: Assets/scripts/Machines/conveyor/Combiner.cs
  artifactKey: Guid(0451e86803e4abe47b8f7fab7b95bf17) Importer(815301076,1909f56bfc062723c751e8b465ee728b)
Start importing Assets/scripts/Machines/conveyor/Combiner.cs using Guid(0451e86803e4abe47b8f7fab7b95bf17) Importer(815301076,1909f56bfc062723c751e8b465ee728b)  -> (artifact id: '8651cd4fa9402189f6c7f1205b209424') in 0.005767 seconds
  Import took 0.017482 seconds .

========================================================================
Received Prepare
Registering precompiled user dll's ...
Registered in 0.002533 seconds.
Begin MonoManager ReloadAssembly
Native extension for WindowsStandalone target not found
Refreshing native plugins compatible for Editor in 0.53 ms, found 0 plugins.
Preloading 0 native plugins for Editor in 0.00 ms.
Invoked RoslynAnalysisRunner static constructor.
RoslynAnalysisRunner will not be running.
RoslynAnalysisRunner has terminated.
Mono: successfully reloaded assembly
- Completed reload, in  0.992 seconds
Platform modules already initialized, skipping
Refreshing native plugins compatible for Editor in 0.43 ms, found 0 plugins.
Preloading 0 native plugins for Editor in 0.00 ms.
Unloading 1743 Unused Serialized files (Serialized files now loaded: 0)
System memory in use before: 155.0 MB.
System memory in use after: 155.0 MB.

Unloading 25 unused Assets to reduce memory usage. Loaded Objects now: 2326.
Total: 2.403000 ms (FindLiveObjects: 0.183800 ms CreateObjectMapping: 0.064100 ms MarkObjects: 2.034200 ms  DeleteObjects: 0.119500 ms)

========================================================================
Received Import Request.
  Time since last request: 706.170304 seconds.
  path: Assets/scripts/Machines/conveyor/Combiner.cs
  artifactKey: Guid(0451e86803e4abe47b8f7fab7b95bf17) Importer(815301076,1909f56bfc062723c751e8b465ee728b)
Start importing Assets/scripts/Machines/conveyor/Combiner.cs using Guid(0451e86803e4abe47b8f7fab7b95bf17) Importer(815301076,1909f56bfc062723c751e8b465ee728b)  -> (artifact id: 'd1c11a6ff4af71654d2fc6e2eb400d24') in 0.004761 seconds
  Import took 0.011096 seconds .

========================================================================
Received Import Request.
  Time since last request: 97.245287 seconds.
  path: Packages/com.unity.2d.sprite/Editor/ObjectMenuCreation/DefaultAssets/Textures/9-Sliced.png
  artifactKey: Guid(cc35afd292fc349128b36a291fb3a165) Importer(815301076,1909f56bfc062723c751e8b465ee728b)
Start importing Packages/com.unity.2d.sprite/Editor/ObjectMenuCreation/DefaultAssets/Textures/9-Sliced.png using Guid(cc35afd292fc349128b36a291fb3a165) Importer(815301076,1909f56bfc062723c751e8b465ee728b)  -> (artifact id: '1563e1d64d3c592fae485ee201bd6c61') in 0.089288 seconds
  Import took 0.093199 seconds .

========================================================================
Received Import Request.
  Time since last request: 0.000373 seconds.
  path: Packages/com.unity.2d.sprite/Editor/ObjectMenuCreation/DefaultAssets/Textures/HexagonPointed-Top.png
  artifactKey: Guid(4b2a04fdbe0ef4d8da8f90eaca817cd1) Importer(815301076,1909f56bfc062723c751e8b465ee728b)
Start importing Packages/com.unity.2d.sprite/Editor/ObjectMenuCreation/DefaultAssets/Textures/HexagonPointed-Top.png using Guid(4b2a04fdbe0ef4d8da8f90eaca817cd1) Importer(815301076,1909f56bfc062723c751e8b465ee728b)  -> (artifact id: '2308e2e44776c33aac3f42d8577f3745') in 0.017055 seconds
  Import took 0.023032 seconds .

========================================================================
Received Import Request.
  Time since last request: 0.000541 seconds.
  path: Packages/com.unity.2d.sprite/Editor/ObjectMenuCreation/DefaultAssets/Textures/HexagonFlat-Top.png
  artifactKey: Guid(a9716c16a44a94eed9b5c90fbf4d9bdd) Importer(815301076,1909f56bfc062723c751e8b465ee728b)
Start importing Packages/com.unity.2d.sprite/Editor/ObjectMenuCreation/DefaultAssets/Textures/HexagonFlat-Top.png using Guid(a9716c16a44a94eed9b5c90fbf4d9bdd) Importer(815301076,1909f56bfc062723c751e8b465ee728b)  -> (artifact id: 'abc5ccecffb719a0687efec0ae4d2050') in 0.041901 seconds
  Import took 0.046444 seconds .

========================================================================
Received Import Request.
  Time since last request: 0.000478 seconds.
  path: Packages/com.unity.2d.sprite/Editor/ObjectMenuCreation/DefaultAssets/Textures/CircleMask.png
  artifactKey: Guid(87aaca0a643d54397ba969dab4fc8875) Importer(815301076,1909f56bfc062723c751e8b465ee728b)
Start importing Packages/com.unity.2d.sprite/Editor/ObjectMenuCreation/DefaultAssets/Textures/CircleMask.png using Guid(87aaca0a643d54397ba969dab4fc8875) Importer(815301076,1909f56bfc062723c751e8b465ee728b)  -> (artifact id: '0e7683f59323d5366a4351fd30e2c01a') in 0.018112 seconds
  Import took 0.025152 seconds .

========================================================================
Received Import Request.
  Time since last request: 0.000955 seconds.
  path: Packages/com.unity.2d.sprite/Editor/ObjectMenuCreation/DefaultAssets/Textures/9-Sliced.png
  artifactKey: Guid(cc35afd292fc349128b36a291fb3a165) Importer(815301076,1909f56bfc062723c751e8b465ee728b)
Start importing Packages/com.unity.2d.sprite/Editor/ObjectMenuCreation/DefaultAssets/Textures/9-Sliced.png using Guid(cc35afd292fc349128b36a291fb3a165) Importer(815301076,1909f56bfc062723c751e8b465ee728b)  -> (artifact id: '1563e1d64d3c592fae485ee201bd6c61') in 0.033836 seconds
  Import took 0.039293 seconds .

========================================================================
Received Import Request.
  Time since last request: 0.000423 seconds.
  path: Packages/com.unity.analytics/DataPrivacy/DataPrivacyIcon.png
  artifactKey: Guid(599a5fd92bab81a4ab02e52d0b1b1c60) Importer(815301076,1909f56bfc062723c751e8b465ee728b)
Start importing Packages/com.unity.analytics/DataPrivacy/DataPrivacyIcon.png using Guid(599a5fd92bab81a4ab02e52d0b1b1c60) Importer(815301076,1909f56bfc062723c751e8b465ee728b)  -> (artifact id: '414f1c2644ebb2c0a9a0575682dc0a91') in 0.031257 seconds
  Import took 0.035196 seconds .

========================================================================
Received Import Request.
  Time since last request: 0.000399 seconds.
  path: Packages/com.unity.2d.sprite/Editor/ObjectMenuCreation/DefaultAssets/Textures/Circle.png
  artifactKey: Guid(4adeaf2d2b1c7417e89f026626d8264f) Importer(815301076,1909f56bfc062723c751e8b465ee728b)
Start importing Packages/com.unity.2d.sprite/Editor/ObjectMenuCreation/DefaultAssets/Textures/Circle.png using Guid(4adeaf2d2b1c7417e89f026626d8264f) Importer(815301076,1909f56bfc062723c751e8b465ee728b)  -> (artifact id: '81d52a2fe55c7a931a99bc1e7acf26fe') in 0.026830 seconds
  Import took 0.032144 seconds .

========================================================================
Received Import Request.
  Time since last request: 0.000351 seconds.
  path: Packages/com.unity.2d.sprite/Editor/ObjectMenuCreation/DefaultAssets/Textures/Capsule.png
  artifactKey: Guid(34587324d412940a79d530020c957dc0) Importer(815301076,1909f56bfc062723c751e8b465ee728b)
Start importing Packages/com.unity.2d.sprite/Editor/ObjectMenuCreation/DefaultAssets/Textures/Capsule.png using Guid(34587324d412940a79d530020c957dc0) Importer(815301076,1909f56bfc062723c751e8b465ee728b)  -> (artifact id: 'e5d75bb493095d13984c115b98917162') in 0.024229 seconds
  Import took 0.028515 seconds .

========================================================================
Received Import Request.
  Time since last request: 0.000474 seconds.
  path: Packages/com.unity.2d.sprite/Editor/ObjectMenuCreation/DefaultAssets/Textures/IsometricDiamond.png
  artifactKey: Guid(0d267bc78a0864eb48358689b29ed20a) Importer(815301076,1909f56bfc062723c751e8b465ee728b)
Start importing Packages/com.unity.2d.sprite/Editor/ObjectMenuCreation/DefaultAssets/Textures/IsometricDiamond.png using Guid(0d267bc78a0864eb48358689b29ed20a) Importer(815301076,1909f56bfc062723c751e8b465ee728b)  -> (artifact id: 'd3098cd04fe775b617c960171b639c3d') in 0.036451 seconds
  Import took 0.040650 seconds .

========================================================================
Received Import Request.
  Time since last request: 0.000407 seconds.
  path: Packages/com.unity.2d.sprite/Editor/ObjectMenuCreation/DefaultAssets/Textures/Circle.png
  artifactKey: Guid(4adeaf2d2b1c7417e89f026626d8264f) Importer(815301076,1909f56bfc062723c751e8b465ee728b)
Start importing Packages/com.unity.2d.sprite/Editor/ObjectMenuCreation/DefaultAssets/Textures/Circle.png using Guid(4adeaf2d2b1c7417e89f026626d8264f) Importer(815301076,1909f56bfc062723c751e8b465ee728b)  -> (artifact id: '81d52a2fe55c7a931a99bc1e7acf26fe') in 0.020462 seconds
  Import took 0.024951 seconds .

========================================================================
Received Import Request.
  Time since last request: 0.023850 seconds.
  path: Packages/com.unity.2d.sprite/Editor/ObjectMenuCreation/DefaultAssets/Textures/IsometricDiamond.png
  artifactKey: Guid(0d267bc78a0864eb48358689b29ed20a) Importer(815301076,1909f56bfc062723c751e8b465ee728b)
Start importing Packages/com.unity.2d.sprite/Editor/ObjectMenuCreation/DefaultAssets/Textures/IsometricDiamond.png using Guid(0d267bc78a0864eb48358689b29ed20a) Importer(815301076,1909f56bfc062723c751e8b465ee728b)  -> (artifact id: 'd3098cd04fe775b617c960171b639c3d') in 0.013685 seconds
  Import took 0.018516 seconds .

========================================================================
Received Import Request.
  Time since last request: 355.706724 seconds.
  path: Assets/Images/ui/materials
  artifactKey: Guid(4cbc093841f27b04a9a0187db5634b30) Importer(815301076,1909f56bfc062723c751e8b465ee728b)
Start importing Assets/Images/ui/materials using Guid(4cbc093841f27b04a9a0187db5634b30) Importer(815301076,1909f56bfc062723c751e8b465ee728b)  -> (artifact id: 'ce63285ce56a90e159000425001a2966') in 0.003628 seconds
  Import took 0.017025 seconds .

========================================================================
Received Import Request.
  Time since last request: 0.095852 seconds.
  path: Assets/Images/ui/materials/metal.png
  artifactKey: Guid(aefaf624e4272dc4883ae4d7f5bef809) Importer(815301076,1909f56bfc062723c751e8b465ee728b)
Start importing Assets/Images/ui/materials/metal.png using Guid(aefaf624e4272dc4883ae4d7f5bef809) Importer(815301076,1909f56bfc062723c751e8b465ee728b)  -> (artifact id: '69468c3ffc7ccb2577938c02483371ea') in 0.021097 seconds
  Import took 0.025573 seconds .

========================================================================
Received Import Request.
  Time since last request: 0.000345 seconds.
  path: Assets/Images/ui/materials/wood.png
  artifactKey: Guid(bd83e1df6c279384ead3a0fa08540c56) Importer(815301076,1909f56bfc062723c751e8b465ee728b)
Start importing Assets/Images/ui/materials/wood.png using Guid(bd83e1df6c279384ead3a0fa08540c56) Importer(815301076,1909f56bfc062723c751e8b465ee728b)  -> (artifact id: 'ba98c81e7513ad468cbf951393bd6ec4') in 0.007290 seconds
  Import took 0.012409 seconds .

========================================================================
Received Import Request.
  Time since last request: 6.794753 seconds.
  path: Assets/Images/ui/materials/metal.png
  artifactKey: Guid(aefaf624e4272dc4883ae4d7f5bef809) Importer(815301076,1909f56bfc062723c751e8b465ee728b)
Start importing Assets/Images/ui/materials/metal.png using Guid(aefaf624e4272dc4883ae4d7f5bef809) Importer(815301076,1909f56bfc062723c751e8b465ee728b)  -> (artifact id: '65fb6e6a2125eb3065849aa14759434d') in 0.019502 seconds
  Import took 0.024467 seconds .

========================================================================
Received Import Request.
  Time since last request: 0.018825 seconds.
  path: Assets/Images/ui/materials/metal.png
  artifactKey: Guid(aefaf624e4272dc4883ae4d7f5bef809) Importer(815301076,1909f56bfc062723c751e8b465ee728b)
Start importing Assets/Images/ui/materials/metal.png using Guid(aefaf624e4272dc4883ae4d7f5bef809) Importer(815301076,1909f56bfc062723c751e8b465ee728b)  -> (artifact id: '65fb6e6a2125eb3065849aa14759434d') in 0.056333 seconds
  Import took 0.062108 seconds .

========================================================================
Received Import Request.
  Time since last request: 13.691037 seconds.
  path: Assets/Images/ui/materials/wood.png
  artifactKey: Guid(bd83e1df6c279384ead3a0fa08540c56) Importer(815301076,1909f56bfc062723c751e8b465ee728b)
Start importing Assets/Images/ui/materials/wood.png using Guid(bd83e1df6c279384ead3a0fa08540c56) Importer(815301076,1909f56bfc062723c751e8b465ee728b)  -> (artifact id: '3896873654379afda10951bc7045dfe1') in 0.019522 seconds
  Import took 0.024849 seconds .

========================================================================
Received Import Request.
  Time since last request: 0.017235 seconds.
  path: Assets/Images/ui/materials/wood.png
  artifactKey: Guid(bd83e1df6c279384ead3a0fa08540c56) Importer(815301076,1909f56bfc062723c751e8b465ee728b)
Start importing Assets/Images/ui/materials/wood.png using Guid(bd83e1df6c279384ead3a0fa08540c56) Importer(815301076,1909f56bfc062723c751e8b465ee728b)  -> (artifact id: '3896873654379afda10951bc7045dfe1') in 0.069315 seconds
  Import took 0.074098 seconds .

========================================================================
Received Prepare
Registering precompiled user dll's ...
Registered in 0.003181 seconds.
Begin MonoManager ReloadAssembly
Native extension for WindowsStandalone target not found
Refreshing native plugins compatible for Editor in 0.45 ms, found 0 plugins.
Preloading 0 native plugins for Editor in 0.00 ms.
Invoked RoslynAnalysisRunner static constructor.
RoslynAnalysisRunner will not be running.
RoslynAnalysisRunner has terminated.
Mono: successfully reloaded assembly
- Completed reload, in  0.984 seconds
Platform modules already initialized, skipping
Refreshing native plugins compatible for Editor in 0.46 ms, found 0 plugins.
Preloading 0 native plugins for Editor in 0.00 ms.
Unloading 1743 Unused Serialized files (Serialized files now loaded: 0)
System memory in use before: 155.0 MB.
System memory in use after: 155.1 MB.

Unloading 25 unused Assets to reduce memory usage. Loaded Objects now: 2343.
Total: 3.568000 ms (FindLiveObjects: 0.305300 ms CreateObjectMapping: 0.110900 ms MarkObjects: 2.968600 ms  DeleteObjects: 0.181500 ms)

========================================================================
Received Import Request.
  Time since last request: 157.508991 seconds.
  path: Assets/scripts/Machines/conveyor/ItemData.cs
  artifactKey: Guid(af180c3a9c4a05d468b8b7db53c8f69c) Importer(815301076,1909f56bfc062723c751e8b465ee728b)
Start importing Assets/scripts/Machines/conveyor/ItemData.cs using Guid(af180c3a9c4a05d468b8b7db53c8f69c) Importer(815301076,1909f56bfc062723c751e8b465ee728b)  -> (artifact id: 'd8d98b7647e221a44c021c11df672800') in 0.008183 seconds
  Import took 0.016493 seconds .

AssetImportWorkerClient::OnTransportError - code=2 error=End of file
